TN:
SF:src/modules/offers/services/CreateOfferService.ts
FN:16,(anonymous_18)
FN:17,CreateOfferService
FN:22,(anonymous_20)
FNF:3
FNH:3
FNDA:8,(anonymous_18)
FNDA:8,CreateOfferService
FNDA:8,(anonymous_20)
DA:1,8
DA:2,8
DA:16,8
DA:19,8
DA:22,8
DA:23,8
DA:24,8
DA:25,8
DA:26,8
DA:27,8
DA:28,8
DA:30,8
DA:31,0
DA:34,8
DA:35,0
DA:38,8
DA:39,0
DA:42,8
DA:43,0
DA:46,8
DA:56,8
DA:57,0
DA:60,8
DA:61,0
DA:62,0
DA:66,8
DA:70,8
DA:71,0
DA:74,8
DA:84,8
DA:86,8
LF:31
LH:23
BRDA:30,0,0,0
BRDA:30,0,1,8
BRDA:34,1,0,0
BRDA:34,1,1,8
BRDA:38,2,0,0
BRDA:38,2,1,8
BRDA:42,3,0,0
BRDA:42,3,1,8
BRDA:56,4,0,0
BRDA:56,4,1,8
BRDA:60,5,0,0
BRDA:60,5,1,8
BRDA:60,6,0,8
BRDA:60,6,1,8
BRDA:61,7,0,0
BRDA:61,7,1,0
BRDA:70,8,0,0
BRDA:70,8,1,8
BRF:18
BRH:9
end_of_record
TN:
SF:src/modules/offers/services/DeleteOfferService.ts
FN:10,(anonymous_18)
FN:11,DeleteOfferService
FN:16,(anonymous_20)
FNF:3
FNH:3
FNDA:1,(anonymous_18)
FNDA:1,DeleteOfferService
FNDA:1,(anonymous_20)
DA:1,1
DA:2,1
DA:10,1
DA:13,1
DA:16,1
DA:17,1
DA:19,1
DA:20,0
DA:23,2
DA:25,1
LF:10
LH:9
BRDA:17,0,0,1
BRDA:19,1,0,0
BRDA:19,1,1,1
BRF:3
BRH:2
end_of_record
TN:
SF:src/modules/offers/services/DisableOfferService.ts
FN:11,(anonymous_18)
FN:12,DisableOfferService
FN:17,(anonymous_20)
FNF:3
FNH:3
FNDA:1,(anonymous_18)
FNDA:1,DisableOfferService
FNDA:1,(anonymous_20)
DA:1,1
DA:2,1
DA:11,1
DA:14,1
DA:17,1
DA:18,1
DA:20,1
DA:21,0
DA:24,1
DA:26,1
DA:28,1
LF:11
LH:10
BRDA:18,0,0,1
BRDA:20,1,0,0
BRDA:20,1,1,1
BRF:3
BRH:2
end_of_record
TN:
SF:src/modules/offers/services/EnableOfferService.ts
FN:11,(anonymous_18)
FN:12,EnableOfferService
FN:17,(anonymous_20)
FNF:3
FNH:3
FNDA:2,(anonymous_18)
FNDA:2,EnableOfferService
FNDA:2,(anonymous_20)
DA:1,2
DA:2,2
DA:11,2
DA:14,2
DA:17,2
DA:18,2
DA:20,2
DA:21,0
DA:24,2
DA:26,2
DA:28,2
LF:11
LH:10
BRDA:18,0,0,2
BRDA:20,1,0,0
BRDA:20,1,1,2
BRF:3
BRH:2
end_of_record
TN:
SF:src/modules/offers/services/GetEnablesOffersService.ts
FN:11,(anonymous_17)
FN:12,GetEnablesOffersService
FN:17,(anonymous_19)
FNF:3
FNH:3
FNDA:1,(anonymous_17)
FNDA:1,GetEnablesOffersService
FNDA:1,(anonymous_19)
DA:1,1
DA:11,1
DA:14,1
DA:17,1
DA:18,1
DA:19,1
DA:21,1
DA:26,1
DA:28,1
LF:9
LH:9
BRDA:21,0,0,1
BRDA:22,1,0,1
BRDA:22,1,1,0
BRDA:23,2,0,1
BRDA:23,2,1,0
BRF:5
BRH:3
end_of_record
TN:
SF:src/modules/offers/services/GetOfferByIdService.ts
FN:11,(anonymous_18)
FN:12,GetOfferByIdService
FN:17,(anonymous_20)
FNF:3
FNH:3
FNDA:2,(anonymous_18)
FNDA:2,GetOfferByIdService
FNDA:2,(anonymous_20)
DA:1,2
DA:2,2
DA:11,2
DA:14,2
DA:17,2
DA:18,2
DA:20,2
DA:21,1
DA:24,1
DA:26,2
LF:10
LH:10
BRDA:18,0,0,2
BRDA:20,1,0,1
BRDA:20,1,1,1
BRF:3
BRH:3
end_of_record
TN:
SF:src/modules/offers/services/GetOffersService.ts
FN:6,(anonymous_17)
FN:7,GetOffersService
FN:12,(anonymous_19)
FNF:3
FNH:3
FNDA:1,(anonymous_17)
FNDA:1,GetOffersService
FNDA:1,(anonymous_19)
DA:1,1
DA:6,1
DA:9,1
DA:12,1
DA:13,1
DA:15,1
DA:17,1
LF:7
LH:7
BRDA:13,0,0,1
BRF:1
BRH:1
end_of_record
TN:
SF:src/modules/offers/services/UpdateOfferService.ts
FN:17,(anonymous_18)
FN:18,UpdateOfferService
FN:23,(anonymous_20)
FNF:3
FNH:3
FNDA:1,(anonymous_18)
FNDA:1,UpdateOfferService
FNDA:1,(anonymous_20)
DA:1,1
DA:2,1
DA:17,1
DA:20,1
DA:23,1
DA:24,1
DA:25,1
DA:26,1
DA:27,1
DA:28,1
DA:29,1
DA:30,1
DA:32,1
DA:33,0
DA:36,1
DA:37,0
DA:40,1
DA:41,0
DA:44,1
DA:45,0
DA:48,1
DA:58,1
DA:59,0
DA:62,1
DA:63,0
DA:64,0
DA:68,1
DA:72,1
DA:76,0
DA:79,1
DA:89,1
DA:91,1
LF:32
LH:24
BRDA:32,0,0,0
BRDA:32,0,1,1
BRDA:36,1,0,0
BRDA:36,1,1,1
BRDA:40,2,0,0
BRDA:40,2,1,1
BRDA:44,3,0,0
BRDA:44,3,1,1
BRDA:58,4,0,0
BRDA:58,4,1,1
BRDA:62,5,0,0
BRDA:62,5,1,1
BRDA:62,6,0,1
BRDA:62,6,1,1
BRDA:63,7,0,0
BRDA:63,7,1,0
BRDA:72,8,0,0
BRDA:72,8,1,1
BRDA:73,9,0,1
BRDA:73,9,1,0
BRF:20
BRH:10
end_of_record
TN:
SF:src/modules/users/services/AuthenticateUserService.ts
FN:19,(anonymous_18)
FN:20,AuthenticateUserService
FN:29,(anonymous_20)
FNF:3
FNH:3
FNDA:1,(anonymous_18)
FNDA:1,AuthenticateUserService
FNDA:1,(anonymous_20)
DA:1,1
DA:2,1
DA:19,1
DA:22,1
DA:24,1
DA:26,1
DA:29,1
DA:30,1
DA:32,1
DA:33,0
DA:36,1
DA:41,1
DA:42,0
DA:45,1
DA:47,1
DA:49,1
LF:16
LH:14
BRDA:30,0,0,1
BRDA:32,1,0,0
BRDA:32,1,1,1
BRDA:41,2,0,0
BRDA:41,2,1,1
BRF:5
BRH:3
end_of_record
TN:
SF:src/modules/users/services/CreateUserService.ts
FN:15,(anonymous_18)
FN:16,CreateUserService
FN:23,(anonymous_20)
FNF:3
FNH:3
FNDA:3,(anonymous_18)
FNDA:3,CreateUserService
FNDA:3,(anonymous_20)
DA:2,3
DA:4,3
DA:15,3
DA:18,3
DA:20,3
DA:23,3
DA:24,3
DA:25,0
DA:28,3
DA:29,0
DA:32,3
DA:33,0
DA:36,3
DA:38,3
DA:39,0
DA:42,3
DA:45,3
DA:48,3
DA:50,3
LF:19
LH:15
BRDA:42,0,0,3
BRDA:24,1,0,0
BRDA:24,1,1,3
BRDA:28,2,0,0
BRDA:28,2,1,3
BRDA:28,3,0,3
BRDA:28,3,1,0
BRDA:32,4,0,0
BRDA:32,4,1,3
BRDA:32,5,0,3
BRDA:32,5,1,3
BRDA:38,6,0,0
BRDA:38,6,1,3
BRF:13
BRH:8
end_of_record
TN:
SF:src/modules/users/services/GetUserByIdService.ts
FN:11,(anonymous_18)
FN:12,GetUserByIdService
FN:17,(anonymous_20)
FNF:3
FNH:3
FNDA:1,(anonymous_18)
FNDA:1,GetUserByIdService
FNDA:1,(anonymous_20)
DA:1,1
DA:2,1
DA:11,1
DA:14,1
DA:17,1
DA:18,1
DA:20,1
DA:21,0
DA:24,1
DA:26,1
LF:10
LH:9
BRDA:18,0,0,1
BRDA:20,1,0,0
BRDA:20,1,1,1
BRF:3
BRH:2
end_of_record
