TN:
SF:src/modules/users/services/AuthenticateUserService.ts
FN:19,(anonymous_18)
FN:20,AuthenticateUserService
FN:29,(anonymous_20)
FNF:3
FNH:3
FNDA:1,(anonymous_18)
FNDA:1,AuthenticateUserService
FNDA:1,(anonymous_20)
DA:1,1
DA:2,1
DA:19,1
DA:22,1
DA:24,1
DA:26,1
DA:29,1
DA:30,1
DA:32,1
DA:33,0
DA:36,1
DA:41,1
DA:42,0
DA:45,1
DA:47,1
DA:49,1
LF:16
LH:14
BRDA:30,0,0,1
BRDA:32,1,0,0
BRDA:32,1,1,1
BRDA:41,2,0,0
BRDA:41,2,1,1
BRF:5
BRH:3
end_of_record
TN:
SF:src/modules/users/services/CreateUserService.ts
FN:15,(anonymous_18)
FN:16,CreateUserService
FN:23,(anonymous_20)
FNF:3
FNH:3
FNDA:2,(anonymous_18)
FNDA:2,CreateUserService
FNDA:2,(anonymous_20)
DA:2,2
DA:4,2
DA:15,2
DA:18,2
DA:20,2
DA:23,2
DA:24,2
DA:25,0
DA:28,2
DA:29,0
DA:32,2
DA:33,0
DA:36,2
DA:38,2
DA:39,0
DA:42,2
DA:45,2
DA:48,2
DA:50,2
LF:19
LH:15
BRDA:42,0,0,2
BRDA:24,1,0,0
BRDA:24,1,1,2
BRDA:28,2,0,0
BRDA:28,2,1,2
BRDA:28,3,0,2
BRDA:28,3,1,0
BRDA:32,4,0,0
BRDA:32,4,1,2
BRDA:32,5,0,2
BRDA:32,5,1,2
BRDA:38,6,0,0
BRDA:38,6,1,2
BRF:13
BRH:8
end_of_record
